\BOOKMARK [1][-]{section.1}{Introduction}{}% 1
\BOOKMARK [1][-]{section.2}{Endowment Differences}{}% 2
\BOOKMARK [2][-]{subsection.2.1}{Student Characteristics}{section.2}% 3
\BOOKMARK [2][-]{subsection.2.2}{Student Effort}{section.2}% 4
\BOOKMARK [2][-]{subsection.2.3}{Student Attitudes}{section.2}% 5
\BOOKMARK [2][-]{subsection.2.4}{Mathematics Curriculum}{section.2}% 6
\BOOKMARK [2][-]{subsection.2.5}{Parental Support at School}{section.2}% 7
\BOOKMARK [2][-]{subsection.2.6}{Teacher Characteristics}{section.2}% 8
\BOOKMARK [2][-]{subsection.2.7}{Pedagogical Practices}{section.2}% 9
\BOOKMARK [2][-]{subsection.2.8}{School Characteristics}{section.2}% 10
\BOOKMARK [2][-]{subsection.2.9}{School Resources}{section.2}% 11
\BOOKMARK [2][-]{subsection.2.10}{Preliminary conclusions from comparison of endowments}{section.2}% 12
\BOOKMARK [1][-]{section.3}{Regression Approach I: Fryer-Levitt}{}% 13
\BOOKMARK [2][-]{subsection.3.1}{Mathematics}{section.3}% 14
\BOOKMARK [2][-]{subsection.3.2}{Reading}{section.3}% 15
\BOOKMARK [2][-]{subsection.3.3}{Science}{section.3}% 16
\BOOKMARK [2][-]{subsection.3.4}{Summarized insights from Fryer-Levitt}{section.3}% 17
\BOOKMARK [1][-]{section.4}{Regression Approach II: Oaxaca-Blinder Decomposition}{}% 18
\BOOKMARK [2][-]{subsection.4.1}{Overview of the OB Decomposition}{section.4}% 19
\BOOKMARK [2][-]{subsection.4.2}{Findings from OB Decomposition}{section.4}% 20
\BOOKMARK [1][-]{section.5}{Conclusion}{}% 21
